2022-09-21 13:58:03,349 [autoreload | INFO] Watching for file changes with StatReloader
2022-09-21 13:58:45,353 [basehttp | INFO] "GET /swagger/ HTTP/1.1" 200 2160
2022-09-21 13:58:45,717 [basehttp | INFO] "GET /static/drf-yasg/immutable.min.js HTTP/1.1" 304 0
2022-09-21 13:58:45,737 [basehttp | INFO] "GET /static/drf-yasg/swagger-ui-init.js HTTP/1.1" 304 0
2022-09-21 13:58:45,769 [basehttp | INFO] "GET /static/drf-yasg/swagger-ui-dist/swagger-ui.css HTTP/1.1" 304 0
2022-09-21 13:58:45,770 [basehttp | INFO] "GET /static/drf-yasg/style.css HTTP/1.1" 304 0
2022-09-21 13:58:45,806 [basehttp | INFO] "GET /static/drf-yasg/swagger-ui-dist/swagger-ui-standalone-preset.js HTTP/1.1" 304 0
2022-09-21 13:58:45,828 [basehttp | INFO] "GET /static/drf-yasg/swagger-ui-dist/swagger-ui-bundle.js HTTP/1.1" 304 0
2022-09-21 13:58:45,829 [basehttp | INFO] "GET /static/drf-yasg/insQ.min.js HTTP/1.1" 304 0
2022-09-21 13:58:48,035 [basehttp | INFO] "GET /swagger/?format=openapi HTTP/1.1" 200 75755
2022-09-21 13:58:53,630 [basehttp | INFO] "GET /admin/ HTTP/1.1" 200 15083
2022-09-21 13:58:53,864 [basehttp | INFO] "GET /static/admin/css/base.css HTTP/1.1" 304 0
2022-09-21 13:58:53,897 [basehttp | INFO] "GET /static/admin/js/nav_sidebar.js HTTP/1.1" 304 0
2022-09-21 13:58:53,899 [basehttp | INFO] "GET /static/admin/css/dashboard.css HTTP/1.1" 304 0
2022-09-21 13:58:53,903 [basehttp | INFO] "GET /static/admin/css/responsive.css HTTP/1.1" 304 0
2022-09-21 13:58:53,905 [basehttp | INFO] "GET /static/admin/css/nav_sidebar.css HTTP/1.1" 304 0
2022-09-21 13:58:53,907 [basehttp | INFO] "GET /static/admin/css/fonts.css HTTP/1.1" 304 0
2022-09-21 13:58:53,957 [basehttp | INFO] "GET /static/admin/img/icon-addlink.svg HTTP/1.1" 304 0
2022-09-21 13:58:53,968 [basehttp | INFO] "GET /static/admin/img/icon-changelink.svg HTTP/1.1" 304 0
2022-09-21 13:58:54,009 [basehttp | INFO] "GET /static/admin/fonts/Roboto-Light-webfont.woff HTTP/1.1" 304 0
2022-09-21 13:58:54,077 [basehttp | INFO] "GET /static/admin/fonts/Roboto-Regular-webfont.woff HTTP/1.1" 304 0
2022-09-21 13:58:54,085 [basehttp | INFO] "GET /static/admin/fonts/Roboto-Bold-webfont.woff HTTP/1.1" 304 0
2022-09-21 13:58:55,744 [basehttp | INFO] "GET /admin/adds/post/ HTTP/1.1" 200 13054
2022-09-21 13:58:55,792 [basehttp | INFO] "GET /static/admin/js/admin/RelatedObjectLookups.js HTTP/1.1" 304 0
2022-09-21 13:58:55,800 [basehttp | INFO] "GET /static/admin/css/changelists.css HTTP/1.1" 304 0
2022-09-21 13:58:55,801 [basehttp | INFO] "GET /static/admin/js/core.js HTTP/1.1" 304 0
2022-09-21 13:58:55,803 [basehttp | INFO] "GET /static/admin/js/vendor/jquery/jquery.js HTTP/1.1" 304 0
2022-09-21 13:58:55,807 [basehttp | INFO] "GET /static/admin/js/actions.js HTTP/1.1" 304 0
2022-09-21 13:58:55,810 [basehttp | INFO] "GET /static/admin/js/urlify.js HTTP/1.1" 304 0
2022-09-21 13:58:55,815 [basehttp | INFO] "GET /static/admin/js/jquery.init.js HTTP/1.1" 304 0
2022-09-21 13:58:55,815 [basehttp | INFO] "GET /static/admin/js/prepopulate.js HTTP/1.1" 304 0
2022-09-21 13:58:55,831 [basehttp | INFO] "GET /static/admin/js/vendor/xregexp/xregexp.js HTTP/1.1" 304 0
2022-09-21 13:58:55,856 [basehttp | INFO] "GET /admin/jsi18n/ HTTP/1.1" 200 3343
2022-09-21 13:58:55,903 [basehttp | INFO] "GET /static/admin/img/tooltag-add.svg HTTP/1.1" 304 0
2022-09-21 13:58:57,781 [basehttp | INFO] "GET /admin/adds/postcontacts/ HTTP/1.1" 200 13115
2022-09-21 13:58:57,826 [basehttp | INFO] "GET /admin/jsi18n/ HTTP/1.1" 200 3343
2022-09-21 13:58:58,924 [basehttp | INFO] "GET /admin/adds/post/ HTTP/1.1" 200 13054
2022-09-21 13:58:58,976 [basehttp | INFO] "GET /admin/jsi18n/ HTTP/1.1" 200 3343
2022-09-21 13:59:05,195 [basehttp | INFO] "GET /admin/adds/post/ HTTP/1.1" 200 13054
2022-09-21 13:59:05,295 [basehttp | INFO] "GET /admin/jsi18n/ HTTP/1.1" 200 3343
2022-09-21 13:59:07,050 [basehttp | INFO] "GET /admin/adds/city/ HTTP/1.1" 200 13054
2022-09-21 13:59:07,151 [basehttp | INFO] "GET /admin/jsi18n/ HTTP/1.1" 200 3343
2022-09-21 13:59:08,810 [basehttp | INFO] "GET /admin/adds/post/ HTTP/1.1" 200 13054
2022-09-21 13:59:08,853 [basehttp | INFO] "GET /admin/jsi18n/ HTTP/1.1" 200 3343
2022-09-21 13:59:12,476 [basehttp | INFO] "GET /admin/adds/category/add/ HTTP/1.1" 200 14279
2022-09-21 13:59:12,544 [basehttp | INFO] "GET /static/admin/js/prepopulate_init.js HTTP/1.1" 200 492
2022-09-21 13:59:12,555 [basehttp | INFO] "GET /admin/jsi18n/ HTTP/1.1" 200 3343
2022-09-21 13:59:12,557 [basehttp | INFO] "GET /static/admin/css/forms.css HTTP/1.1" 200 8878
2022-09-21 13:59:12,571 [basehttp | INFO] "GET /static/admin/js/change_form.js HTTP/1.1" 200 606
2022-09-21 13:59:12,581 [basehttp | INFO] "GET /static/admin/css/widgets.css HTTP/1.1" 200 11097
2022-09-21 13:59:24,075 [basehttp | INFO] "POST /admin/adds/category/add/ HTTP/1.1" 302 0
2022-09-21 13:59:24,257 [basehttp | INFO] "GET /admin/adds/category/ HTTP/1.1" 200 14641
2022-09-21 13:59:24,398 [basehttp | INFO] "GET /admin/jsi18n/ HTTP/1.1" 200 3343
2022-09-21 13:59:24,534 [basehttp | INFO] "GET /static/admin/img/icon-yes.svg HTTP/1.1" 200 436
2022-09-21 14:00:10,373 [autoreload | INFO] Watching for file changes with StatReloader
